c[?7l[2J[0mSeaBIOS (version 1.15.0-1)


iPXE (https://ipxe.org) 00:03.0 CA00 PCI2.10 PnP PMM+7FF8B4A0+7FECB4A0 CA00
Press Ctrl-B to configure iPXE (PCI 00:03.0)...                                                                               


Booting from Hard Disk...
GRUB [01;01H[2J[02;30HGNU GRUB  version 2.06[04;02H┌────────────────────────────────────────────────────────────────────────────┐[05;02H│[05;79H│[06;02H│[06;79H│[07;02H│[07;02H[07;79H│[08;02H│[08;79H│[09;02H│[09;79H│[10;02H│[10;79H│[11;02H│[11;79H│[12;02H│[12;79H│[13;02H│[13;79H│[14;02H│[14;79H│[15;02H│[15;79H│[16;02H│[16;79H│[17;02H│[17;79H│[18;02H└────────────────────────────────────────────────────────────────────────────┘[20;02H     Use the ↑ and ↓ keys to select which entry is highlighted.          
      Press enter to boot the selected OS, `e' to edit the commands       
      before booting or `c' for a command-line.                           [05;80H [05;03H[0;30;47m*EXOS                                                                       [06;03H[0m Author:yywd_123                                                            [07;03H yi jian san lian(doge)                      [07;47H[07;48H                               [08;03H                                             [08;47H[08;48H                               [09;03H                                             [09;47H[09;48H                               [10;03H                                                                            [11;03H                                             [11;47H[11;48H                               [12;03H                                                                            [13;03H                                              [13;48H[13;49H                              [14;03H                                                                            [15;03H                                             [15;47H[15;48H                               [16;03H                                                                            [17;03H                                              [17;48H[17;49H                              [17;80H 





   The highlighted entry will be executed automatically in 3s.                 [05;78H

















   The highlighted entry will be executed automatically in 2s.                 [05;78H

















   The hig[23;10H[23;11Hhlighted entry will be executed automatically in 1s.                 [05;78H

















   The highlighted entry will be executed automatically in 0s.         [23;71H[23;72H        [01;01H[2J[2JBooting...
c[?7l[2J[0mSeaBIOS (version 1.15.0-1c[?7l[2J[0mSeaBIOS (version 1.15.0-1)


iPXE (https://ipxe.org) 00:03.0 CA00 PCI2.10 PnP PMM+7FF8B4A0+7FECB4A0 CA00
Press Ctrl-B to configure iPXE (PCI 00:03.0)...                                                                               


Booting from Hard Disk...
GRUB [01;01H[2J[02;30HGNU GRUB  version 2.06[04;02H┌────────────────────────────────────────────────────────────────────────────┐[05;02H│[05;79H│[06;02H│[06;79H│[07;02H│[07;79H│[08;02H│[08;79H│[09;02H│[09;79H│[10;02H│[10;79H│[11;02H│[11;79H│[12;02H│[12;79H│[13;02H│[13;79H│[14;02H│[14;79H│[15;02H│[15;79H│[16;02H│[16;79H│[17;02H│[17;79H│[18;02H└──────────────────────────────────────────────────────────[18;60H[18;61H──────────────────┘[20;02H     Use the ↑ and ↓ keys to select which entry is highlighted.          
      Press enter to boot the selected OS, `e' to edit the [21;59H[21;60Hcommands       
      before booting or `c' for a command-line.                           [05;80H [05;03H[0;30;47m*EXOS                                                          [05;65H[05;66H             [06;03H[0m Author:yywd_123                                                            [07;03H yi jian san lian(doge)                                                     [08;03H                                                                  [08;68H[08;69H          [09;03H                                                                   [09;69H[09;70H         [10;03H                                                                            [11;03H                                                                            [12;03H                                                                       [12;73H[12;74H     [13;03H                                                                      [13;72H[13;73H      [14;03H                                                                       [14;73H[14;74H     [15;03H                                                                            [16;03H                                                                            [17;03H                                                                           [17;77H[17;78H [17;80H 





   The highlighted entry will be executed automatically in 3s.                 [05;78H

















   The highlighted entry will be executed automatically in 2s.                 [05;78H

















   The highlighted entry will b[23;31H[23;32He executed automatically in 1s.                 [05;78H

















   The highlighted entry will be executed automatically in 0s.                 [01;01H[2J[2JBooting...
